<?xml version="1.0" encoding="UTF-8"?>
<coverage generated="1682421486704" clover="3.2.0">
  <project timestamp="1682421486704" name="All files">
    <metrics statements="104" coveredstatements="88" conditionals="56" coveredconditionals="22" methods="25" coveredmethods="23" elements="185" coveredelements="133" complexity="0" loc="104" ncloc="104" packages="1" files="6" classes="6"/>
    <file name="Computer.js" path="C:\Users\helme\Desktop\WebDev\Battleship\src\Computer.js">
      <metrics statements="6" coveredstatements="6" conditionals="1" coveredconditionals="0" methods="4" coveredmethods="4"/>
      <line num="2" count="1" type="stmt"/>
      <line num="3" count="1" type="stmt"/>
      <line num="6" count="2" type="stmt"/>
      <line num="10" count="2" type="stmt"/>
      <line num="14" count="1" type="stmt"/>
      <line num="17" count="1" type="stmt"/>
    </file>
    <file name="ComputerGameboard.js" path="C:\Users\helme\Desktop\WebDev\Battleship\src\ComputerGameboard.js">
      <metrics statements="25" coveredstatements="18" conditionals="22" coveredconditionals="7" methods="5" coveredmethods="4"/>
      <line num="4" count="1" type="stmt"/>
      <line num="5" count="1" type="stmt"/>
      <line num="6" count="1" type="stmt"/>
      <line num="7" count="1" type="stmt"/>
      <line num="8" count="1" type="stmt"/>
      <line num="9" count="1" type="stmt"/>
      <line num="12" count="1" type="cond" truecount="1" falsecount="1"/>
      <line num="13" count="0" type="cond" truecount="0" falsecount="2"/>
      <line num="14" count="1" type="cond" truecount="1" falsecount="1"/>
      <line num="15" count="0" type="cond" truecount="0" falsecount="2"/>
      <line num="16" count="1" type="cond" truecount="1" falsecount="1"/>
      <line num="17" count="0" type="cond" truecount="0" falsecount="2"/>
      <line num="18" count="1" type="cond" truecount="1" falsecount="1"/>
      <line num="19" count="0" type="cond" truecount="0" falsecount="2"/>
      <line num="20" count="1" type="cond" truecount="1" falsecount="1"/>
      <line num="21" count="1" type="cond" truecount="1" falsecount="1"/>
      <line num="23" count="0" type="stmt"/>
      <line num="28" count="1" type="stmt"/>
      <line num="36" count="1" type="stmt"/>
      <line num="37" count="4" type="stmt"/>
      <line num="40" count="1" type="cond" truecount="1" falsecount="1"/>
      <line num="41" count="0" type="stmt"/>
      <line num="43" count="1" type="stmt"/>
      <line num="47" count="0" type="stmt"/>
      <line num="50" count="1" type="stmt"/>
    </file>
    <file name="Game.js" path="C:\Users\helme\Desktop\WebDev\Battleship\src\Game.js">
      <metrics statements="28" coveredstatements="28" conditionals="4" coveredconditionals="4" methods="3" coveredmethods="3"/>
      <line num="9" count="1" type="stmt"/>
      <line num="17" count="1" type="stmt"/>
      <line num="25" count="1" type="stmt"/>
      <line num="127" count="1" type="stmt"/>
      <line num="128" count="1" type="stmt"/>
      <line num="130" count="1" type="stmt"/>
      <line num="131" count="1" type="stmt"/>
      <line num="134" count="2" type="stmt"/>
      <line num="135" count="2" type="stmt"/>
      <line num="138" count="2" type="cond" truecount="4" falsecount="0"/>
      <line num="139" count="1" type="stmt"/>
      <line num="140" count="1" type="stmt"/>
      <line num="141" count="1" type="stmt"/>
      <line num="143" count="1" type="stmt"/>
      <line num="144" count="1" type="stmt"/>
      <line num="145" count="1" type="stmt"/>
      <line num="148" count="2" type="stmt"/>
      <line num="152" count="1" type="stmt"/>
      <line num="153" count="1" type="stmt"/>
      <line num="154" count="1" type="stmt"/>
      <line num="155" count="1" type="stmt"/>
      <line num="157" count="1" type="stmt"/>
      <line num="158" count="1" type="stmt"/>
      <line num="159" count="65" type="stmt"/>
      <line num="160" count="65" type="stmt"/>
      <line num="161" count="65" type="stmt"/>
      <line num="164" count="1" type="stmt"/>
      <line num="167" count="1" type="stmt"/>
    </file>
    <file name="Gameboard.js" path="C:\Users\helme\Desktop\WebDev\Battleship\src\Gameboard.js">
      <metrics statements="25" coveredstatements="18" conditionals="22" coveredconditionals="7" methods="5" coveredmethods="4"/>
      <line num="14" count="1" type="stmt"/>
      <line num="15" count="1" type="stmt"/>
      <line num="16" count="1" type="stmt"/>
      <line num="17" count="1" type="stmt"/>
      <line num="18" count="1" type="stmt"/>
      <line num="19" count="1" type="stmt"/>
      <line num="24" count="1" type="cond" truecount="1" falsecount="1"/>
      <line num="25" count="0" type="cond" truecount="0" falsecount="2"/>
      <line num="26" count="1" type="cond" truecount="1" falsecount="1"/>
      <line num="27" count="0" type="cond" truecount="0" falsecount="2"/>
      <line num="28" count="1" type="cond" truecount="1" falsecount="1"/>
      <line num="29" count="0" type="cond" truecount="0" falsecount="2"/>
      <line num="30" count="1" type="cond" truecount="1" falsecount="1"/>
      <line num="31" count="0" type="cond" truecount="0" falsecount="2"/>
      <line num="32" count="1" type="cond" truecount="1" falsecount="1"/>
      <line num="33" count="1" type="cond" truecount="1" falsecount="1"/>
      <line num="35" count="0" type="stmt"/>
      <line num="42" count="1" type="stmt"/>
      <line num="50" count="1" type="stmt"/>
      <line num="51" count="4" type="stmt"/>
      <line num="54" count="1" type="cond" truecount="1" falsecount="1"/>
      <line num="55" count="0" type="stmt"/>
      <line num="57" count="1" type="stmt"/>
      <line num="61" count="0" type="stmt"/>
      <line num="64" count="1" type="stmt"/>
    </file>
    <file name="Player.js" path="C:\Users\helme\Desktop\WebDev\Battleship\src\Player.js">
      <metrics statements="6" coveredstatements="6" conditionals="1" coveredconditionals="0" methods="4" coveredmethods="4"/>
      <line num="6" count="1" type="stmt"/>
      <line num="7" count="1" type="stmt"/>
      <line num="10" count="2" type="stmt"/>
      <line num="14" count="2" type="stmt"/>
      <line num="18" count="1" type="stmt"/>
      <line num="21" count="1" type="stmt"/>
    </file>
    <file name="Ship.js" path="C:\Users\helme\Desktop\WebDev\Battleship\src\Ship.js">
      <metrics statements="14" coveredstatements="12" conditionals="6" coveredconditionals="4" methods="4" coveredmethods="4"/>
      <line num="2" count="10" type="stmt"/>
      <line num="3" count="10" type="stmt"/>
      <line num="4" count="10" type="stmt"/>
      <line num="5" count="10" type="stmt"/>
      <line num="19" count="10" type="cond" truecount="2" falsecount="0"/>
      <line num="20" count="2" type="stmt"/>
      <line num="22" count="2" type="stmt"/>
      <line num="25" count="8" type="stmt"/>
      <line num="29" count="10" type="cond" truecount="1" falsecount="1"/>
      <line num="30" count="0" type="stmt"/>
      <line num="31" count="0" type="stmt"/>
      <line num="34" count="10" type="stmt"/>
      <line num="38" count="10" type="stmt"/>
      <line num="41" count="10" type="stmt"/>
    </file>
  </project>
</coverage>
