{"C:\\Users\\helme\\Desktop\\WebDev\\Battleship\\src\\Ship.js": {"path":"C:\\Users\\helme\\Desktop\\WebDev\\Battleship\\src\\Ship.js","statementMap":{"0":{"start":{"line":2,"column":23},"end":{"line":2,"column":42}},"1":{"start":{"line":3,"column":13},"end":{"line":3,"column":18}},"2":{"start":{"line":4,"column":17},"end":{"line":4,"column":38}},"3":{"start":{"line":5,"column":17},"end":{"line":5,"column":21}},"4":{"start":{"line":19,"column":4},"end":{"line":26,"column":5}},"5":{"start":{"line":20,"column":6},"end":{"line":20,"column":20}},"6":{"start":{"line":22,"column":6},"end":{"line":24,"column":8}},"7":{"start":{"line":25,"column":6},"end":{"line":25,"column":31}},"8":{"start":{"line":28,"column":4},"end":{"line":28,"column":23}},"9":{"start":{"line":32,"column":4},"end":{"line":35,"column":5}},"10":{"start":{"line":33,"column":6},"end":{"line":33,"column":18}},"11":{"start":{"line":34,"column":6},"end":{"line":34,"column":35}},"12":{"start":{"line":37,"column":4},"end":{"line":37,"column":73}},"13":{"start":{"line":41,"column":4},"end":{"line":41,"column":20}},"14":{"start":{"line":44,"column":2},"end":{"line":50,"column":4}}},"fnMap":{"0":{"name":"Ship","decl":{"start":{"line":1,"column":24},"end":{"line":1,"column":28}},"loc":{"start":{"line":1,"column":65},"end":{"line":51,"column":1}},"line":1},"1":{"name":"hit","decl":{"start":{"line":10,"column":11},"end":{"line":10,"column":14}},"loc":{"start":{"line":10,"column":33},"end":{"line":29,"column":3}},"line":10},"2":{"name":"isSunk","decl":{"start":{"line":31,"column":11},"end":{"line":31,"column":17}},"loc":{"start":{"line":31,"column":20},"end":{"line":38,"column":3}},"line":31},"3":{"name":"getShipHits","decl":{"start":{"line":40,"column":11},"end":{"line":40,"column":22}},"loc":{"start":{"line":40,"column":25},"end":{"line":42,"column":3}},"line":40}},"branchMap":{"0":{"loc":{"start":{"line":1,"column":29},"end":{"line":1,"column":53}},"type":"default-arg","locations":[{"start":{"line":1,"column":51},"end":{"line":1,"column":53}}],"line":1},"1":{"loc":{"start":{"line":1,"column":55},"end":{"line":1,"column":63}},"type":"default-arg","locations":[{"start":{"line":1,"column":62},"end":{"line":1,"column":63}}],"line":1},"2":{"loc":{"start":{"line":19,"column":4},"end":{"line":26,"column":5}},"type":"if","locations":[{"start":{"line":19,"column":4},"end":{"line":26,"column":5}},{"start":{},"end":{}}],"line":19},"3":{"loc":{"start":{"line":32,"column":4},"end":{"line":35,"column":5}},"type":"if","locations":[{"start":{"line":32,"column":4},"end":{"line":35,"column":5}},{"start":{},"end":{}}],"line":32}},"s":{"0":1,"1":1,"2":1,"3":1,"4":4,"5":3,"6":3,"7":3,"8":1,"9":2,"10":1,"11":1,"12":1,"13":2,"14":1},"f":{"0":1,"1":4,"2":2,"3":2},"b":{"0":[0],"1":[1],"2":[3,1],"3":[1,1]},"_coverageSchema":"1a1c01bbd47fc00a2c39e90264f33305004495a9","hash":"1874535039e0c3dc7e11e7dadf6e3b16c65e91aa"}
}
