{"C:\\Users\\helme\\Desktop\\WebDev\\Battleship\\src\\Computer.js": {"path":"C:\\Users\\helme\\Desktop\\WebDev\\Battleship\\src\\Computer.js","statementMap":{"0":{"start":{"line":2,"column":29},"end":{"line":2,"column":48}},"1":{"start":{"line":3,"column":21},"end":{"line":3,"column":26}},"2":{"start":{"line":6,"column":4},"end":{"line":6,"column":25}},"3":{"start":{"line":10,"column":4},"end":{"line":10,"column":24}},"4":{"start":{"line":14,"column":4},"end":{"line":14,"column":30}},"5":{"start":{"line":17,"column":2},"end":{"line":21,"column":4}}},"fnMap":{"0":{"name":"Computer","decl":{"start":{"line":1,"column":24},"end":{"line":1,"column":32}},"loc":{"start":{"line":1,"column":59},"end":{"line":22,"column":1}},"line":1},"1":{"name":"changeComputerTurn","decl":{"start":{"line":5,"column":11},"end":{"line":5,"column":29}},"loc":{"start":{"line":5,"column":37},"end":{"line":7,"column":3}},"line":5},"2":{"name":"getComputerTurn","decl":{"start":{"line":9,"column":11},"end":{"line":9,"column":26}},"loc":{"start":{"line":9,"column":29},"end":{"line":11,"column":3}},"line":9},"3":{"name":"getCoordinates","decl":{"start":{"line":13,"column":11},"end":{"line":13,"column":25}},"loc":{"start":{"line":13,"column":28},"end":{"line":15,"column":3}},"line":13}},"branchMap":{"0":{"loc":{"start":{"line":1,"column":33},"end":{"line":1,"column":57}},"type":"default-arg","locations":[{"start":{"line":1,"column":55},"end":{"line":1,"column":57}}],"line":1}},"s":{"0":1,"1":1,"2":2,"3":2,"4":1,"5":1},"f":{"0":1,"1":2,"2":2,"3":1},"b":{"0":[0]},"_coverageSchema":"1a1c01bbd47fc00a2c39e90264f33305004495a9","hash":"1416d9885ef437342b00c1bc4bcb2544f9a3ed11"}
,"C:\\Users\\helme\\Desktop\\WebDev\\Battleship\\src\\ComputerGameboard.js": {"path":"C:\\Users\\helme\\Desktop\\WebDev\\Battleship\\src\\ComputerGameboard.js","statementMap":{"0":{"start":{"line":4,"column":30},"end":{"line":4,"column":55}},"1":{"start":{"line":5,"column":24},"end":{"line":5,"column":52}},"2":{"start":{"line":6,"column":24},"end":{"line":6,"column":52}},"3":{"start":{"line":7,"column":24},"end":{"line":7,"column":52}},"4":{"start":{"line":8,"column":24},"end":{"line":8,"column":52}},"5":{"start":{"line":9,"column":24},"end":{"line":9,"column":52}},"6":{"start":{"line":12,"column":4},"end":{"line":24,"column":5}},"7":{"start":{"line":13,"column":6},"end":{"line":13,"column":76}},"8":{"start":{"line":14,"column":11},"end":{"line":24,"column":5}},"9":{"start":{"line":15,"column":6},"end":{"line":15,"column":76}},"10":{"start":{"line":16,"column":11},"end":{"line":24,"column":5}},"11":{"start":{"line":17,"column":6},"end":{"line":17,"column":76}},"12":{"start":{"line":18,"column":11},"end":{"line":24,"column":5}},"13":{"start":{"line":19,"column":6},"end":{"line":19,"column":76}},"14":{"start":{"line":20,"column":11},"end":{"line":24,"column":5}},"15":{"start":{"line":21,"column":6},"end":{"line":21,"column":76}},"16":{"start":{"line":23,"column":6},"end":{"line":23,"column":24}},"17":{"start":{"line":28,"column":27},"end":{"line":34,"column":5}},"18":{"start":{"line":36,"column":23},"end":{"line":38,"column":5}},"19":{"start":{"line":37,"column":37},"end":{"line":37,"column":63}},"20":{"start":{"line":40,"column":4},"end":{"line":42,"column":5}},"21":{"start":{"line":41,"column":6},"end":{"line":41,"column":18}},"22":{"start":{"line":43,"column":4},"end":{"line":43,"column":17}},"23":{"start":{"line":47,"column":4},"end":{"line":47,"column":31}},"24":{"start":{"line":50,"column":2},"end":{"line":54,"column":4}}},"fnMap":{"0":{"name":"ComputerGameboard","decl":{"start":{"line":3,"column":24},"end":{"line":3,"column":41}},"loc":{"start":{"line":3,"column":52},"end":{"line":55,"column":1}},"line":3},"1":{"name":"receivedAttack","decl":{"start":{"line":11,"column":11},"end":{"line":11,"column":25}},"loc":{"start":{"line":11,"column":44},"end":{"line":25,"column":3}},"line":11},"2":{"name":"computerAllShipSunk","decl":{"start":{"line":27,"column":11},"end":{"line":27,"column":30}},"loc":{"start":{"line":27,"column":33},"end":{"line":44,"column":3}},"line":27},"3":{"name":"(anonymous_3)","decl":{"start":{"line":37,"column":6},"end":{"line":37,"column":7}},"loc":{"start":{"line":37,"column":37},"end":{"line":37,"column":63}},"line":37},"4":{"name":"getComputerCoordinates","decl":{"start":{"line":46,"column":11},"end":{"line":46,"column":33}},"loc":{"start":{"line":46,"column":36},"end":{"line":48,"column":3}},"line":46}},"branchMap":{"0":{"loc":{"start":{"line":12,"column":4},"end":{"line":24,"column":5}},"type":"if","locations":[{"start":{"line":12,"column":4},"end":{"line":24,"column":5}},{"start":{"line":14,"column":11},"end":{"line":24,"column":5}}],"line":12},"1":{"loc":{"start":{"line":13,"column":13},"end":{"line":13,"column":75}},"type":"cond-expr","locations":[{"start":{"line":13,"column":38},"end":{"line":13,"column":58}},{"start":{"line":13,"column":61},"end":{"line":13,"column":75}}],"line":13},"2":{"loc":{"start":{"line":14,"column":11},"end":{"line":24,"column":5}},"type":"if","locations":[{"start":{"line":14,"column":11},"end":{"line":24,"column":5}},{"start":{"line":16,"column":11},"end":{"line":24,"column":5}}],"line":14},"3":{"loc":{"start":{"line":15,"column":13},"end":{"line":15,"column":75}},"type":"cond-expr","locations":[{"start":{"line":15,"column":38},"end":{"line":15,"column":58}},{"start":{"line":15,"column":61},"end":{"line":15,"column":75}}],"line":15},"4":{"loc":{"start":{"line":16,"column":11},"end":{"line":24,"column":5}},"type":"if","locations":[{"start":{"line":16,"column":11},"end":{"line":24,"column":5}},{"start":{"line":18,"column":11},"end":{"line":24,"column":5}}],"line":16},"5":{"loc":{"start":{"line":17,"column":13},"end":{"line":17,"column":75}},"type":"cond-expr","locations":[{"start":{"line":17,"column":38},"end":{"line":17,"column":58}},{"start":{"line":17,"column":61},"end":{"line":17,"column":75}}],"line":17},"6":{"loc":{"start":{"line":18,"column":11},"end":{"line":24,"column":5}},"type":"if","locations":[{"start":{"line":18,"column":11},"end":{"line":24,"column":5}},{"start":{"line":20,"column":11},"end":{"line":24,"column":5}}],"line":18},"7":{"loc":{"start":{"line":19,"column":13},"end":{"line":19,"column":75}},"type":"cond-expr","locations":[{"start":{"line":19,"column":38},"end":{"line":19,"column":58}},{"start":{"line":19,"column":61},"end":{"line":19,"column":75}}],"line":19},"8":{"loc":{"start":{"line":20,"column":11},"end":{"line":24,"column":5}},"type":"if","locations":[{"start":{"line":20,"column":11},"end":{"line":24,"column":5}},{"start":{"line":22,"column":11},"end":{"line":24,"column":5}}],"line":20},"9":{"loc":{"start":{"line":21,"column":13},"end":{"line":21,"column":75}},"type":"cond-expr","locations":[{"start":{"line":21,"column":38},"end":{"line":21,"column":58}},{"start":{"line":21,"column":61},"end":{"line":21,"column":75}}],"line":21},"10":{"loc":{"start":{"line":40,"column":4},"end":{"line":42,"column":5}},"type":"if","locations":[{"start":{"line":40,"column":4},"end":{"line":42,"column":5}},{"start":{},"end":{}}],"line":40}},"s":{"0":1,"1":1,"2":1,"3":1,"4":1,"5":1,"6":1,"7":0,"8":1,"9":0,"10":1,"11":0,"12":1,"13":0,"14":1,"15":1,"16":0,"17":1,"18":1,"19":4,"20":1,"21":0,"22":1,"23":0,"24":1},"f":{"0":1,"1":1,"2":1,"3":4,"4":0},"b":{"0":[0,1],"1":[0,0],"2":[0,1],"3":[0,0],"4":[0,1],"5":[0,0],"6":[0,1],"7":[0,0],"8":[1,0],"9":[1,0],"10":[0,1]},"_coverageSchema":"1a1c01bbd47fc00a2c39e90264f33305004495a9","hash":"71ed0b8699f240da8d5b9ca4386c96c6e12c0b30"}
,"C:\\Users\\helme\\Desktop\\WebDev\\Battleship\\src\\Game.js": {"path":"C:\\Users\\helme\\Desktop\\WebDev\\Battleship\\src\\Game.js","statementMap":{"0":{"start":{"line":9,"column":28},"end":{"line":15,"column":3}},"1":{"start":{"line":17,"column":30},"end":{"line":23,"column":3}},"2":{"start":{"line":25,"column":31},"end":{"line":125,"column":3}},"3":{"start":{"line":127,"column":17},"end":{"line":127,"column":42}},"4":{"start":{"line":128,"column":26},"end":{"line":128,"column":43}},"5":{"start":{"line":130,"column":19},"end":{"line":130,"column":48}},"6":{"start":{"line":131,"column":28},"end":{"line":131,"column":55}},"7":{"start":{"line":134,"column":21},"end":{"line":134,"column":43}},"8":{"start":{"line":135,"column":23},"end":{"line":135,"column":49}},"9":{"start":{"line":138,"column":4},"end":{"line":146,"column":5}},"10":{"start":{"line":139,"column":6},"end":{"line":139,"column":60}},"11":{"start":{"line":140,"column":6},"end":{"line":140,"column":37}},"12":{"start":{"line":141,"column":6},"end":{"line":141,"column":40}},"13":{"start":{"line":143,"column":6},"end":{"line":143,"column":58}},"14":{"start":{"line":144,"column":6},"end":{"line":144,"column":36}},"15":{"start":{"line":145,"column":6},"end":{"line":145,"column":41}},"16":{"start":{"line":148,"column":4},"end":{"line":148,"column":18}},"17":{"start":{"line":152,"column":20},"end":{"line":152,"column":70}},"18":{"start":{"line":153,"column":20},"end":{"line":153,"column":71}},"19":{"start":{"line":154,"column":23},"end":{"line":154,"column":74}},"20":{"start":{"line":155,"column":23},"end":{"line":155,"column":74}},"21":{"start":{"line":157,"column":17},"end":{"line":157,"column":44}},"22":{"start":{"line":158,"column":4},"end":{"line":162,"column":5}},"23":{"start":{"line":159,"column":6},"end":{"line":159,"column":73}},"24":{"start":{"line":160,"column":6},"end":{"line":160,"column":73}},"25":{"start":{"line":161,"column":6},"end":{"line":161,"column":43}},"26":{"start":{"line":164,"column":4},"end":{"line":164,"column":18}},"27":{"start":{"line":167,"column":2},"end":{"line":170,"column":4}}},"fnMap":{"0":{"name":"Game","decl":{"start":{"line":6,"column":24},"end":{"line":6,"column":28}},"loc":{"start":{"line":6,"column":31},"end":{"line":171,"column":1}},"line":6},"1":{"name":"putCoordinate","decl":{"start":{"line":133,"column":11},"end":{"line":133,"column":24}},"loc":{"start":{"line":133,"column":37},"end":{"line":149,"column":3}},"line":133},"2":{"name":"randomCoordinate","decl":{"start":{"line":151,"column":11},"end":{"line":151,"column":27}},"loc":{"start":{"line":151,"column":30},"end":{"line":165,"column":3}},"line":151}},"branchMap":{"0":{"loc":{"start":{"line":138,"column":4},"end":{"line":146,"column":5}},"type":"if","locations":[{"start":{"line":138,"column":4},"end":{"line":146,"column":5}},{"start":{"line":142,"column":11},"end":{"line":146,"column":5}}],"line":138},"1":{"loc":{"start":{"line":138,"column":8},"end":{"line":138,"column":35}},"type":"binary-expr","locations":[{"start":{"line":138,"column":8},"end":{"line":138,"column":18}},{"start":{"line":138,"column":22},"end":{"line":138,"column":35}}],"line":138}},"s":{"0":1,"1":1,"2":1,"3":1,"4":1,"5":1,"6":1,"7":2,"8":2,"9":2,"10":1,"11":1,"12":1,"13":1,"14":1,"15":1,"16":2,"17":1,"18":1,"19":1,"20":1,"21":1,"22":1,"23":65,"24":65,"25":65,"26":1,"27":1},"f":{"0":1,"1":2,"2":1},"b":{"0":[1,1],"1":[2,1]},"_coverageSchema":"1a1c01bbd47fc00a2c39e90264f33305004495a9","hash":"1647b5f00e68b7b41a3890664061273743cf5a36"}
,"C:\\Users\\helme\\Desktop\\WebDev\\Battleship\\src\\Gameboard.js": {"path":"C:\\Users\\helme\\Desktop\\WebDev\\Battleship\\src\\Gameboard.js","statementMap":{"0":{"start":{"line":14,"column":28},"end":{"line":14,"column":51}},"1":{"start":{"line":15,"column":16},"end":{"line":15,"column":42}},"2":{"start":{"line":16,"column":16},"end":{"line":16,"column":42}},"3":{"start":{"line":17,"column":16},"end":{"line":17,"column":42}},"4":{"start":{"line":18,"column":16},"end":{"line":18,"column":42}},"5":{"start":{"line":19,"column":16},"end":{"line":19,"column":42}},"6":{"start":{"line":24,"column":4},"end":{"line":36,"column":5}},"7":{"start":{"line":25,"column":6},"end":{"line":25,"column":70}},"8":{"start":{"line":26,"column":11},"end":{"line":36,"column":5}},"9":{"start":{"line":27,"column":6},"end":{"line":27,"column":70}},"10":{"start":{"line":28,"column":11},"end":{"line":36,"column":5}},"11":{"start":{"line":29,"column":6},"end":{"line":29,"column":70}},"12":{"start":{"line":30,"column":11},"end":{"line":36,"column":5}},"13":{"start":{"line":31,"column":6},"end":{"line":31,"column":70}},"14":{"start":{"line":32,"column":11},"end":{"line":36,"column":5}},"15":{"start":{"line":33,"column":6},"end":{"line":33,"column":70}},"16":{"start":{"line":35,"column":6},"end":{"line":35,"column":24}},"17":{"start":{"line":42,"column":27},"end":{"line":48,"column":5}},"18":{"start":{"line":50,"column":23},"end":{"line":52,"column":5}},"19":{"start":{"line":51,"column":37},"end":{"line":51,"column":63}},"20":{"start":{"line":54,"column":4},"end":{"line":56,"column":5}},"21":{"start":{"line":55,"column":6},"end":{"line":55,"column":18}},"22":{"start":{"line":57,"column":4},"end":{"line":57,"column":17}},"23":{"start":{"line":61,"column":4},"end":{"line":61,"column":29}},"24":{"start":{"line":64,"column":2},"end":{"line":68,"column":4}}},"fnMap":{"0":{"name":"Gameboard","decl":{"start":{"line":3,"column":24},"end":{"line":3,"column":33}},"loc":{"start":{"line":3,"column":42},"end":{"line":69,"column":1}},"line":3},"1":{"name":"receivedAttack","decl":{"start":{"line":23,"column":11},"end":{"line":23,"column":25}},"loc":{"start":{"line":23,"column":44},"end":{"line":37,"column":3}},"line":23},"2":{"name":"playerAllShipSunk","decl":{"start":{"line":41,"column":11},"end":{"line":41,"column":28}},"loc":{"start":{"line":41,"column":31},"end":{"line":58,"column":3}},"line":41},"3":{"name":"(anonymous_3)","decl":{"start":{"line":51,"column":6},"end":{"line":51,"column":7}},"loc":{"start":{"line":51,"column":37},"end":{"line":51,"column":63}},"line":51},"4":{"name":"getPlayerCoordinates","decl":{"start":{"line":60,"column":11},"end":{"line":60,"column":31}},"loc":{"start":{"line":60,"column":34},"end":{"line":62,"column":3}},"line":60}},"branchMap":{"0":{"loc":{"start":{"line":24,"column":4},"end":{"line":36,"column":5}},"type":"if","locations":[{"start":{"line":24,"column":4},"end":{"line":36,"column":5}},{"start":{"line":26,"column":11},"end":{"line":36,"column":5}}],"line":24},"1":{"loc":{"start":{"line":25,"column":13},"end":{"line":25,"column":69}},"type":"cond-expr","locations":[{"start":{"line":25,"column":36},"end":{"line":25,"column":52}},{"start":{"line":25,"column":55},"end":{"line":25,"column":69}}],"line":25},"2":{"loc":{"start":{"line":26,"column":11},"end":{"line":36,"column":5}},"type":"if","locations":[{"start":{"line":26,"column":11},"end":{"line":36,"column":5}},{"start":{"line":28,"column":11},"end":{"line":36,"column":5}}],"line":26},"3":{"loc":{"start":{"line":27,"column":13},"end":{"line":27,"column":69}},"type":"cond-expr","locations":[{"start":{"line":27,"column":36},"end":{"line":27,"column":52}},{"start":{"line":27,"column":55},"end":{"line":27,"column":69}}],"line":27},"4":{"loc":{"start":{"line":28,"column":11},"end":{"line":36,"column":5}},"type":"if","locations":[{"start":{"line":28,"column":11},"end":{"line":36,"column":5}},{"start":{"line":30,"column":11},"end":{"line":36,"column":5}}],"line":28},"5":{"loc":{"start":{"line":29,"column":13},"end":{"line":29,"column":69}},"type":"cond-expr","locations":[{"start":{"line":29,"column":36},"end":{"line":29,"column":52}},{"start":{"line":29,"column":55},"end":{"line":29,"column":69}}],"line":29},"6":{"loc":{"start":{"line":30,"column":11},"end":{"line":36,"column":5}},"type":"if","locations":[{"start":{"line":30,"column":11},"end":{"line":36,"column":5}},{"start":{"line":32,"column":11},"end":{"line":36,"column":5}}],"line":30},"7":{"loc":{"start":{"line":31,"column":13},"end":{"line":31,"column":69}},"type":"cond-expr","locations":[{"start":{"line":31,"column":36},"end":{"line":31,"column":52}},{"start":{"line":31,"column":55},"end":{"line":31,"column":69}}],"line":31},"8":{"loc":{"start":{"line":32,"column":11},"end":{"line":36,"column":5}},"type":"if","locations":[{"start":{"line":32,"column":11},"end":{"line":36,"column":5}},{"start":{"line":34,"column":11},"end":{"line":36,"column":5}}],"line":32},"9":{"loc":{"start":{"line":33,"column":13},"end":{"line":33,"column":69}},"type":"cond-expr","locations":[{"start":{"line":33,"column":36},"end":{"line":33,"column":52}},{"start":{"line":33,"column":55},"end":{"line":33,"column":69}}],"line":33},"10":{"loc":{"start":{"line":54,"column":4},"end":{"line":56,"column":5}},"type":"if","locations":[{"start":{"line":54,"column":4},"end":{"line":56,"column":5}},{"start":{},"end":{}}],"line":54}},"s":{"0":1,"1":1,"2":1,"3":1,"4":1,"5":1,"6":1,"7":0,"8":1,"9":0,"10":1,"11":0,"12":1,"13":0,"14":1,"15":1,"16":0,"17":1,"18":1,"19":4,"20":1,"21":0,"22":1,"23":0,"24":1},"f":{"0":1,"1":1,"2":1,"3":4,"4":0},"b":{"0":[0,1],"1":[0,0],"2":[0,1],"3":[0,0],"4":[0,1],"5":[0,0],"6":[0,1],"7":[0,0],"8":[1,0],"9":[1,0],"10":[0,1]},"_coverageSchema":"1a1c01bbd47fc00a2c39e90264f33305004495a9","hash":"8eb36bb464566e4a5ed44ac7b90af4507238fec2"}
,"C:\\Users\\helme\\Desktop\\WebDev\\Battleship\\src\\Player.js": {"path":"C:\\Users\\helme\\Desktop\\WebDev\\Battleship\\src\\Player.js","statementMap":{"0":{"start":{"line":6,"column":22},"end":{"line":6,"column":39}},"1":{"start":{"line":7,"column":19},"end":{"line":7,"column":23}},"2":{"start":{"line":10,"column":4},"end":{"line":10,"column":23}},"3":{"start":{"line":14,"column":4},"end":{"line":14,"column":22}},"4":{"start":{"line":18,"column":4},"end":{"line":18,"column":23}},"5":{"start":{"line":21,"column":2},"end":{"line":25,"column":4}}},"fnMap":{"0":{"name":"Player","decl":{"start":{"line":1,"column":24},"end":{"line":1,"column":30}},"loc":{"start":{"line":1,"column":55},"end":{"line":26,"column":1}},"line":1},"1":{"name":"changePlayerTurn","decl":{"start":{"line":9,"column":11},"end":{"line":9,"column":27}},"loc":{"start":{"line":9,"column":35},"end":{"line":11,"column":3}},"line":9},"2":{"name":"getPlayerTurn","decl":{"start":{"line":13,"column":11},"end":{"line":13,"column":24}},"loc":{"start":{"line":13,"column":27},"end":{"line":15,"column":3}},"line":13},"3":{"name":"getCoordinates","decl":{"start":{"line":17,"column":11},"end":{"line":17,"column":25}},"loc":{"start":{"line":17,"column":28},"end":{"line":19,"column":3}},"line":17}},"branchMap":{"0":{"loc":{"start":{"line":1,"column":31},"end":{"line":1,"column":53}},"type":"default-arg","locations":[{"start":{"line":1,"column":51},"end":{"line":1,"column":53}}],"line":1}},"s":{"0":1,"1":1,"2":2,"3":2,"4":1,"5":1},"f":{"0":1,"1":2,"2":2,"3":1},"b":{"0":[0]},"_coverageSchema":"1a1c01bbd47fc00a2c39e90264f33305004495a9","hash":"022785e8a581a5534a688e05542c8d43d3f83bf1"}
,"C:\\Users\\helme\\Desktop\\WebDev\\Battleship\\src\\Ship.js": {"path":"C:\\Users\\helme\\Desktop\\WebDev\\Battleship\\src\\Ship.js","statementMap":{"0":{"start":{"line":2,"column":23},"end":{"line":2,"column":42}},"1":{"start":{"line":3,"column":13},"end":{"line":3,"column":18}},"2":{"start":{"line":4,"column":17},"end":{"line":4,"column":38}},"3":{"start":{"line":5,"column":17},"end":{"line":5,"column":21}},"4":{"start":{"line":19,"column":4},"end":{"line":23,"column":5}},"5":{"start":{"line":20,"column":6},"end":{"line":20,"column":20}},"6":{"start":{"line":22,"column":6},"end":{"line":22,"column":18}},"7":{"start":{"line":25,"column":4},"end":{"line":25,"column":17}},"8":{"start":{"line":29,"column":4},"end":{"line":32,"column":5}},"9":{"start":{"line":30,"column":6},"end":{"line":30,"column":18}},"10":{"start":{"line":31,"column":6},"end":{"line":31,"column":36}},"11":{"start":{"line":34,"column":4},"end":{"line":34,"column":34}},"12":{"start":{"line":38,"column":4},"end":{"line":38,"column":20}},"13":{"start":{"line":41,"column":2},"end":{"line":47,"column":4}}},"fnMap":{"0":{"name":"Ship","decl":{"start":{"line":1,"column":24},"end":{"line":1,"column":28}},"loc":{"start":{"line":1,"column":65},"end":{"line":48,"column":1}},"line":1},"1":{"name":"hit","decl":{"start":{"line":10,"column":11},"end":{"line":10,"column":14}},"loc":{"start":{"line":10,"column":33},"end":{"line":26,"column":3}},"line":10},"2":{"name":"isSunk","decl":{"start":{"line":28,"column":11},"end":{"line":28,"column":17}},"loc":{"start":{"line":28,"column":20},"end":{"line":35,"column":3}},"line":28},"3":{"name":"getShipHits","decl":{"start":{"line":37,"column":11},"end":{"line":37,"column":22}},"loc":{"start":{"line":37,"column":25},"end":{"line":39,"column":3}},"line":37}},"branchMap":{"0":{"loc":{"start":{"line":1,"column":29},"end":{"line":1,"column":53}},"type":"default-arg","locations":[{"start":{"line":1,"column":51},"end":{"line":1,"column":53}}],"line":1},"1":{"loc":{"start":{"line":1,"column":55},"end":{"line":1,"column":63}},"type":"default-arg","locations":[{"start":{"line":1,"column":62},"end":{"line":1,"column":63}}],"line":1},"2":{"loc":{"start":{"line":19,"column":4},"end":{"line":23,"column":5}},"type":"if","locations":[{"start":{"line":19,"column":4},"end":{"line":23,"column":5}},{"start":{},"end":{}}],"line":19},"3":{"loc":{"start":{"line":29,"column":4},"end":{"line":32,"column":5}},"type":"if","locations":[{"start":{"line":29,"column":4},"end":{"line":32,"column":5}},{"start":{},"end":{}}],"line":29}},"s":{"0":10,"1":10,"2":10,"3":10,"4":10,"5":2,"6":2,"7":8,"8":10,"9":0,"10":0,"11":10,"12":10,"13":10},"f":{"0":10,"1":10,"2":10,"3":10},"b":{"0":[0],"1":[10],"2":[2,8],"3":[0,10]},"_coverageSchema":"1a1c01bbd47fc00a2c39e90264f33305004495a9","hash":"180227b994d1b0a87fc764136da417b4bc5b99ed"}
}
