TN:
SF:src\Gameboard.js
FN:3,Gameboard
FN:22,receivedAttack
FN:40,playerAllShipSunk
FN:50,(anonymous_3)
FN:59,shipsValue
FN:68,(anonymous_5)
FNF:6
FNH:4
FNDA:1,Gameboard
FNDA:18,receivedAttack
FNDA:20,playerAllShipSunk
FNDA:80,(anonymous_3)
FNDA:0,shipsValue
FNDA:0,(anonymous_5)
DA:14,1
DA:15,1
DA:16,1
DA:17,1
DA:18,1
DA:23,18
DA:24,5
DA:25,13
DA:26,4
DA:27,9
DA:28,3
DA:29,6
DA:30,3
DA:31,3
DA:32,2
DA:34,1
DA:41,20
DA:49,20
DA:50,80
DA:53,20
DA:54,2
DA:56,18
DA:60,0
DA:67,0
DA:68,0
DA:71,0
DA:74,1
LF:27
LH:23
BRDA:23,0,0,5
BRDA:23,0,1,13
BRDA:24,1,0,5
BRDA:24,1,1,0
BRDA:25,2,0,4
BRDA:25,2,1,9
BRDA:26,3,0,4
BRDA:26,3,1,0
BRDA:27,4,0,3
BRDA:27,4,1,6
BRDA:28,5,0,3
BRDA:28,5,1,0
BRDA:29,6,0,3
BRDA:29,6,1,3
BRDA:30,7,0,2
BRDA:30,7,1,1
BRDA:31,8,0,2
BRDA:31,8,1,1
BRDA:32,9,0,2
BRDA:32,9,1,0
BRDA:53,10,0,2
BRDA:53,10,1,18
BRF:22
BRH:18
end_of_record
TN:
SF:src\Ship.js
FN:1,Ship
FN:10,hit
FN:31,isSunk
FN:40,getShipHits
FNF:4
FNH:4
FNDA:5,Ship
FNDA:49,hit
FNDA:100,isSunk
FNDA:100,getShipHits
DA:2,5
DA:3,5
DA:4,5
DA:5,5
DA:19,49
DA:20,17
DA:22,17
DA:25,17
DA:28,32
DA:32,100
DA:33,49
DA:34,49
DA:37,51
DA:41,100
DA:44,5
LF:15
LH:15
BRDA:1,0,0,0
BRDA:1,1,0,5
BRDA:19,2,0,17
BRDA:19,2,1,32
BRDA:32,3,0,49
BRDA:32,3,1,51
BRF:6
BRH:5
end_of_record
