TN:
SF:src\Computer.js
FN:1,Computer
FN:5,changeComputerTurn
FN:9,getComputerTurn
FN:13,getCoordinates
FNF:4
FNH:4
FNDA:1,Computer
FNDA:2,changeComputerTurn
FNDA:2,getComputerTurn
FNDA:1,getCoordinates
DA:2,1
DA:3,1
DA:6,2
DA:10,2
DA:14,1
DA:17,1
LF:6
LH:6
BRDA:1,0,0,0
BRF:1
BRH:0
end_of_record
TN:
SF:src\ComputerGameboard.js
FN:3,ComputerGameboard
FN:11,receivedAttack
FN:27,computerAllShipSunk
FN:37,(anonymous_3)
FN:46,getComputerCoordinates
FNF:5
FNH:4
FNDA:1,ComputerGameboard
FNDA:1,receivedAttack
FNDA:1,computerAllShipSunk
FNDA:4,(anonymous_3)
FNDA:0,getComputerCoordinates
DA:4,1
DA:5,1
DA:6,1
DA:7,1
DA:8,1
DA:9,1
DA:12,1
DA:13,0
DA:14,1
DA:15,0
DA:16,1
DA:17,0
DA:18,1
DA:19,0
DA:20,1
DA:21,1
DA:23,0
DA:28,1
DA:36,1
DA:37,4
DA:40,1
DA:41,0
DA:43,1
DA:47,0
DA:50,1
LF:25
LH:18
BRDA:12,0,0,0
BRDA:12,0,1,1
BRDA:13,1,0,0
BRDA:13,1,1,0
BRDA:14,2,0,0
BRDA:14,2,1,1
BRDA:15,3,0,0
BRDA:15,3,1,0
BRDA:16,4,0,0
BRDA:16,4,1,1
BRDA:17,5,0,0
BRDA:17,5,1,0
BRDA:18,6,0,0
BRDA:18,6,1,1
BRDA:19,7,0,0
BRDA:19,7,1,0
BRDA:20,8,0,1
BRDA:20,8,1,0
BRDA:21,9,0,1
BRDA:21,9,1,0
BRDA:40,10,0,0
BRDA:40,10,1,1
BRF:22
BRH:7
end_of_record
TN:
SF:src\Game.js
FN:6,Game
FN:133,putCoordinate
FN:151,randomCoordinate
FNF:3
FNH:3
FNDA:1,Game
FNDA:2,putCoordinate
FNDA:1,randomCoordinate
DA:9,1
DA:17,1
DA:25,1
DA:127,1
DA:128,1
DA:130,1
DA:131,1
DA:134,2
DA:135,2
DA:138,2
DA:139,1
DA:140,1
DA:141,1
DA:143,1
DA:144,1
DA:145,1
DA:148,2
DA:152,1
DA:153,1
DA:154,1
DA:155,1
DA:157,1
DA:158,1
DA:159,65
DA:160,65
DA:161,65
DA:164,1
DA:167,1
LF:28
LH:28
BRDA:138,0,0,1
BRDA:138,0,1,1
BRDA:138,1,0,2
BRDA:138,1,1,1
BRF:4
BRH:4
end_of_record
TN:
SF:src\Gameboard.js
FN:3,Gameboard
FN:23,receivedAttack
FN:41,playerAllShipSunk
FN:51,(anonymous_3)
FN:60,getPlayerCoordinates
FNF:5
FNH:4
FNDA:1,Gameboard
FNDA:1,receivedAttack
FNDA:1,playerAllShipSunk
FNDA:4,(anonymous_3)
FNDA:0,getPlayerCoordinates
DA:14,1
DA:15,1
DA:16,1
DA:17,1
DA:18,1
DA:19,1
DA:24,1
DA:25,0
DA:26,1
DA:27,0
DA:28,1
DA:29,0
DA:30,1
DA:31,0
DA:32,1
DA:33,1
DA:35,0
DA:42,1
DA:50,1
DA:51,4
DA:54,1
DA:55,0
DA:57,1
DA:61,0
DA:64,1
LF:25
LH:18
BRDA:24,0,0,0
BRDA:24,0,1,1
BRDA:25,1,0,0
BRDA:25,1,1,0
BRDA:26,2,0,0
BRDA:26,2,1,1
BRDA:27,3,0,0
BRDA:27,3,1,0
BRDA:28,4,0,0
BRDA:28,4,1,1
BRDA:29,5,0,0
BRDA:29,5,1,0
BRDA:30,6,0,0
BRDA:30,6,1,1
BRDA:31,7,0,0
BRDA:31,7,1,0
BRDA:32,8,0,1
BRDA:32,8,1,0
BRDA:33,9,0,1
BRDA:33,9,1,0
BRDA:54,10,0,0
BRDA:54,10,1,1
BRF:22
BRH:7
end_of_record
TN:
SF:src\Player.js
FN:1,Player
FN:9,changePlayerTurn
FN:13,getPlayerTurn
FN:17,getCoordinates
FNF:4
FNH:4
FNDA:1,Player
FNDA:2,changePlayerTurn
FNDA:2,getPlayerTurn
FNDA:1,getCoordinates
DA:6,1
DA:7,1
DA:10,2
DA:14,2
DA:18,1
DA:21,1
LF:6
LH:6
BRDA:1,0,0,0
BRF:1
BRH:0
end_of_record
TN:
SF:src\Ship.js
FN:1,Ship
FN:10,hit
FN:28,isSunk
FN:37,getShipHits
FNF:4
FNH:4
FNDA:10,Ship
FNDA:10,hit
FNDA:10,isSunk
FNDA:10,getShipHits
DA:2,10
DA:3,10
DA:4,10
DA:5,10
DA:19,10
DA:20,2
DA:22,2
DA:25,8
DA:29,10
DA:30,0
DA:31,0
DA:34,10
DA:38,10
DA:41,10
LF:14
LH:12
BRDA:1,0,0,0
BRDA:1,1,0,10
BRDA:19,2,0,2
BRDA:19,2,1,8
BRDA:29,3,0,0
BRDA:29,3,1,10
BRF:6
BRH:4
end_of_record
